<?xml version="1.0" encoding="UTF-8"?>
<!-- Generated by org.testng.reporters.JUnitXMLReporter -->
<testsuite ignored="5" hostname="DESKTOP-LEFF5SO" failures="0" tests="1" name="Default test" time="16.308" errors="0" timestamp="2024-02-03T17:51:13 EET">
  <testcase classname="ALMosaferWEb.MyTestCases" name="Changelanguage" time="2.407"/>
  <testcase classname="ALMosaferWEb.MyTestCases" name="CheckHotel" time="0.0">
    <ignored/>
  </testcase> <!-- CheckHotel -->
  <testcase classname="ALMosaferWEb.MyTestCases" name="CheckCurrency" time="0.0">
    <ignored/>
  </testcase> <!-- CheckCurrency -->
  <testcase classname="ALMosaferWEb.MyTestCases" name="CheckLogo" time="0.0">
    <ignored/>
  </testcase> <!-- CheckLogo -->
  <testcase classname="ALMosaferWEb.MyTestCases" name="CheckNumber" time="0.0">
    <ignored/>
  </testcase> <!-- CheckNumber -->
  <testcase classname="ALMosaferWEb.MyTestCases" name="CheckLanguage" time="0.0">
    <ignored/>
  </testcase> <!-- CheckLanguage -->
</testsuite> <!-- Default test -->
