<?xml version="1.0" encoding="UTF-8"?>
<testng-results ignored="5" total="6" passed="1" failed="0" skipped="0">
  <reporter-output>
  </reporter-output>
  <suite started-at="2024-02-03T17:50:57 EET" name="Default suite" finished-at="2024-02-03T17:51:13 EET" duration-ms="16308">
    <groups>
    </groups>
    <test started-at="2024-02-03T17:50:57 EET" name="Default test" finished-at="2024-02-03T17:51:13 EET" duration-ms="16308">
      <class name="ALMosaferWEb.MyTestCases">
        <test-method is-config="true" signature="setUp()[pri:0, instance:ALMosaferWEb.MyTestCases@557a1e2d]" started-at="2024-02-03T17:50:57 EET" name="setUp" finished-at="2024-02-03T17:51:11 EET" duration-ms="13788" status="PASS">
          <reporter-output>
          </reporter-output>
        </test-method> <!-- setUp -->
        <test-method signature="Changelanguage()[pri:7, instance:ALMosaferWEb.MyTestCases@557a1e2d]" started-at="2024-02-03T17:51:11 EET" name="Changelanguage" finished-at="2024-02-03T17:51:13 EET" duration-ms="2407" status="PASS">
          <reporter-output>
          </reporter-output>
        </test-method> <!-- Changelanguage -->
        <test-method is-config="true" signature="postTest()[pri:0, instance:ALMosaferWEb.MyTestCases@557a1e2d]" started-at="2024-02-03T17:51:13 EET" name="postTest" finished-at="2024-02-03T17:51:13 EET" duration-ms="1" status="PASS">
          <reporter-output>
          </reporter-output>
        </test-method> <!-- postTest -->
      </class> <!-- ALMosaferWEb.MyTestCases -->
    </test> <!-- Default test -->
  </suite> <!-- Default suite -->
</testng-results>
